# JRE version: OpenJDK Runtime Environment Corretto-17.0.3.6.1 (17.0.3+6) (build 17.0.3+6-LTS)
# Java VM: OpenJDK 64-Bit Server VM Corretto-17.0.3.6.1 (17.0.3+6-LTS, mixed mode, sharing, tiered, compressed oops, compressed class ptrs, g1 gc, windows-amd64)
GC Precious Log:
 CPUs: 8 total, 8 available
 Memory: 8039M
 Large Page Support: Disabled
 NUMA Support: Disabled
 Compressed Oops: Enabled (32-bit)
 Heap Region Size: 1M
 Heap Min Capacity: 256M
 Heap Initial Capacity: 256M
 Heap Max Capacity: 512M
 Pre-touch: Disabled
 Parallel Workers: 8
 Concurrent Workers: 2
 Concurrent Refinement Workers: 8
 Periodic GC: Disabled
Heap:
 garbage-first heap   total 262144K, used 72615K [0x00000000e0000000, 0x0000000100000000)
  region size 1024K, 27 young (27648K), 12 survivors (12288K)
 Metaspace       used 58927K, committed 59584K, reserved 270336K
  class space    used 8130K, committed 8448K, reserved 212992K
GC Heap History (18 events):
Event: 0.558 GC heap before
{Heap before GC invocations=0 (full 0):
 garbage-first heap   total 262144K, used 28672K [0x00000000e0000000, 0x0000000100000000)
  region size 1024K, 23 young (23552K), 0 survivors (0K)
 Metaspace       used 2987K, committed 3136K, reserved 221184K
  class space    used 381K, committed 448K, reserved 212992K
}
Event: 0.562 GC heap after
{Heap after GC invocations=1 (full 0):
 garbage-first heap   total 262144K, used 8948K [0x00000000e0000000, 0x0000000100000000)
  region size 1024K, 3 young (3072K), 3 survivors (3072K)
 Metaspace       used 2987K, committed 3136K, reserved 221184K
  class space    used 381K, committed 448K, reserved 212992K
}
Event: 0.863 GC heap before
{Heap before GC invocations=1 (full 0):
 garbage-first heap   total 262144K, used 39668K [0x00000000e0000000, 0x0000000100000000)
  region size 1024K, 32 young (32768K), 3 survivors (3072K)
 Metaspace       used 3904K, committed 4096K, reserved 221184K
  class space    used 478K, committed 576K, reserved 212992K
}
Event: 0.867 GC heap after
{Heap after GC invocations=2 (full 0):
 garbage-first heap   total 262144K, used 13694K [0x00000000e0000000, 0x0000000100000000)
  region size 1024K, 4 young (4096K), 4 survivors (4096K)
 Metaspace       used 3904K, committed 4096K, reserved 221184K
  class space    used 478K, committed 576K, reserved 212992K
}
Event: 2.636 GC heap before
{Heap before GC invocations=2 (full 0):
 garbage-first heap   total 262144K, used 111998K [0x00000000e0000000, 0x0000000100000000)
  region size 1024K, 101 young (103424K), 4 survivors (4096K)
 Metaspace       used 21245K, committed 21504K, reserved 237568K
  class space    used 3178K, committed 3328K, reserved 212992K
}
Event: 2.645 GC heap after
{Heap after GC invocations=3 (full 0):
 garbage-first heap   total 262144K, used 20798K [0x00000000e0000000, 0x0000000100000000)
  region size 1024K, 11 young (11264K), 11 survivors (11264K)
 Metaspace       used 21245K, committed 21504K, reserved 237568K
  class space    used 3178K, committed 3328K, reserved 212992K
}
Event: 4.060 GC heap before
{Heap before GC invocations=4 (full 0):
 garbage-first heap   total 262144K, used 123198K [0x00000000e0000000, 0x0000000100000000)
  region size 1024K, 109 young (111616K), 11 survivors (11264K)
 Metaspace       used 35682K, committed 35968K, reserved 245760K
  class space    used 4928K, committed 5056K, reserved 212992K
}
Event: 4.076 GC heap after
{Heap after GC invocations=5 (full 0):
 garbage-first heap   total 262144K, used 29411K [0x00000000e0000000, 0x0000000100000000)
  region size 1024K, 16 young (16384K), 16 survivors (16384K)
 Metaspace       used 35682K, committed 35968K, reserved 245760K
  class space    used 4928K, committed 5056K, reserved 212992K
}
Event: 4.090 GC heap before
{Heap before GC invocations=5 (full 0):
 garbage-first heap   total 262144K, used 30435K [0x00000000e0000000, 0x0000000100000000)
  region size 1024K, 17 young (17408K), 16 survivors (16384K)
 Metaspace       used 35789K, committed 36160K, reserved 245760K
  class space    used 4950K, committed 5120K, reserved 212992K
}
Event: 4.103 GC heap after
{Heap after GC invocations=6 (full 0):
 garbage-first heap   total 262144K, used 29480K [0x00000000e0000000, 0x0000000100000000)
  region size 1024K, 2 young (2048K), 2 survivors (2048K)
 Metaspace       used 35789K, committed 36160K, reserved 245760K
  class space    used 4950K, committed 5120K, reserved 212992K
}
Event: 4.123 GC heap before
{Heap before GC invocations=6 (full 0):
 garbage-first heap   total 262144K, used 30504K [0x00000000e0000000, 0x0000000100000000)
  region size 1024K, 4 young (4096K), 2 survivors (2048K)
 Metaspace       used 35991K, committed 36288K, reserved 245760K
  class space    used 4977K, committed 5120K, reserved 212992K
}
Event: 4.124 GC heap after
{Heap after GC invocations=7 (full 0):
 garbage-first heap   total 262144K, used 28536K [0x00000000e0000000, 0x0000000100000000)
  region size 1024K, 1 young (1024K), 1 survivors (1024K)
 Metaspace       used 35991K, committed 36288K, reserved 245760K
  class space    used 4977K, committed 5120K, reserved 212992K
}
Event: 6.139 GC heap before
{Heap before GC invocations=8 (full 0):
 garbage-first heap   total 262144K, used 184184K [0x00000000e0000000, 0x0000000100000000)
  region size 1024K, 153 young (156672K), 1 survivors (1024K)
 Metaspace       used 54108K, committed 54528K, reserved 262144K
  class space    used 7659K, committed 7872K, reserved 212992K
}
Event: 6.159 GC heap after
{Heap after GC invocations=9 (full 0):
 garbage-first heap   total 262144K, used 46767K [0x00000000e0000000, 0x0000000100000000)
  region size 1024K, 19 young (19456K), 19 survivors (19456K)
 Metaspace       used 54108K, committed 54528K, reserved 262144K
  class space    used 7659K, committed 7872K, reserved 212992K
}
Event: 6.176 GC heap before
{Heap before GC invocations=9 (full 0):
 garbage-first heap   total 262144K, used 47791K [0x00000000e0000000, 0x0000000100000000)
  region size 1024K, 20 young (20480K), 19 survivors (19456K)
 Metaspace       used 54222K, committed 54720K, reserved 262144K
  class space    used 7670K, committed 7872K, reserved 212992K
}
Event: 6.190 GC heap after
{Heap after GC invocations=10 (full 0):
 garbage-first heap   total 262144K, used 48637K [0x00000000e0000000, 0x0000000100000000)
  region size 1024K, 2 young (2048K), 2 survivors (2048K)
 Metaspace       used 54222K, committed 54720K, reserved 262144K
  class space    used 7670K, committed 7872K, reserved 212992K
}
Event: 157.459 GC heap before
{Heap before GC invocations=10 (full 0):
 garbage-first heap   total 262144K, used 188925K [0x00000000e0000000, 0x0000000100000000)
  region size 1024K, 140 young (143360K), 2 survivors (2048K)
 Metaspace       used 58250K, committed 58880K, reserved 270336K
  class space    used 8062K, committed 8384K, reserved 212992K
}
Event: 157.469 GC heap after
{Heap after GC invocations=11 (full 0):
 garbage-first heap   total 262144K, used 58279K [0x00000000e0000000, 0x0000000100000000)
  region size 1024K, 12 young (12288K), 12 survivors (12288K)
 Metaspace       used 58250K, committed 58880K, reserved 270336K
  class space    used 8062K, committed 8384K, reserved 212992K
}

